INFO Server started
INFO Database connected
ERROR Connection timeout
INFO User login successful
ERROR Disk space low
WARNING Memory usage high
ERROR Failed to load module

ERROR Database crash
ERROR Database crash
ERROR Payment gateway failed
ERROR Payment system failed
ERROR Payment system failed
ERROR Payment system failed
ERROR Payment gateway failed
ERROR Payment gateway failed
ERROR Payment gateway failed
ERROR Payment gateway failed
ERROR Payment gateway failed
ERROR Payment gateway failed
ERROR Payment gateway failed
ERROR Payment gateway failed
ERROR Payment gateway failed
ERROR Payment gateway failed
ERROR Payment gateway failed
ERROR Payment gateway failed again
ERROR Payment gateway failed again
ERROR Payment gateway failed
ERROR Kubernetes monitoring test
ERROR Kubernetes monitoring test
ERROR Kubernetes monitoring test
